0 info it worked if it ends with ok
1 verbose cli [ '/usr/bin/node', '/usr/bin/npm', 'install', 'muter' ]
2 info using npm@1.4.28
3 info using node@v0.10.38
4 verbose node symlink /usr/bin/node
5 verbose readDependencies using package.json deps
6 verbose cache add [ 'muter', null ]
7 verbose cache add name=undefined spec="muter" args=["muter",null]
8 verbose parsed url { protocol: null,
8 verbose parsed url   slashes: null,
8 verbose parsed url   auth: null,
8 verbose parsed url   host: null,
8 verbose parsed url   port: null,
8 verbose parsed url   hostname: null,
8 verbose parsed url   hash: null,
8 verbose parsed url   search: null,
8 verbose parsed url   query: null,
8 verbose parsed url   pathname: 'muter',
8 verbose parsed url   path: 'muter',
8 verbose parsed url   href: 'muter' }
9 silly lockFile 51d76d36-muter muter
10 verbose lock muter /home/koushik/.npm/51d76d36-muter.lock
11 silly lockFile 51d76d36-muter muter
12 silly lockFile 51d76d36-muter muter
13 verbose addNamed [ 'muter', '' ]
14 verbose addNamed [ null, '*' ]
15 silly lockFile 625cef27-muter muter@
16 verbose lock muter@ /home/koushik/.npm/625cef27-muter.lock
17 silly addNameRange { name: 'muter', range: '*', hasData: false }
18 verbose request where is /muter
19 verbose request registry https://registry.npmjs.org/
20 verbose request id a94ead04475b9519
21 verbose url raw /muter
22 verbose url resolving [ 'https://registry.npmjs.org/', './muter' ]
23 verbose url resolved https://registry.npmjs.org/muter
24 verbose request where is https://registry.npmjs.org/muter
25 info trying registry request attempt 1 at 22:14:03
26 http GET https://registry.npmjs.org/muter
27 http 404 https://registry.npmjs.org/muter
28 verbose headers { server: 'CouchDB/1.5.0 (Erlang OTP/R16B03)',
28 verbose headers   'content-type': 'application/json',
28 verbose headers   'cache-control': 'max-age=0',
28 verbose headers   'content-length': '51',
28 verbose headers   'accept-ranges': 'bytes',
28 verbose headers   date: 'Fri, 22 May 2015 16:44:04 GMT',
28 verbose headers   via: '1.1 varnish',
28 verbose headers   age: '0',
28 verbose headers   connection: 'keep-alive',
28 verbose headers   'x-served-by': 'cache-sin6923-SIN',
28 verbose headers   'x-cache': 'MISS',
28 verbose headers   'x-cache-hits': '0',
28 verbose headers   'x-timer': 'S1432313044.145424,VS0,VE271' }
29 silly registry.get cb [ 404,
29 silly registry.get   { server: 'CouchDB/1.5.0 (Erlang OTP/R16B03)',
29 silly registry.get     'content-type': 'application/json',
29 silly registry.get     'cache-control': 'max-age=0',
29 silly registry.get     'content-length': '51',
29 silly registry.get     'accept-ranges': 'bytes',
29 silly registry.get     date: 'Fri, 22 May 2015 16:44:04 GMT',
29 silly registry.get     via: '1.1 varnish',
29 silly registry.get     age: '0',
29 silly registry.get     connection: 'keep-alive',
29 silly registry.get     'x-served-by': 'cache-sin6923-SIN',
29 silly registry.get     'x-cache': 'MISS',
29 silly registry.get     'x-cache-hits': '0',
29 silly registry.get     'x-timer': 'S1432313044.145424,VS0,VE271' } ]
30 silly lockFile 625cef27-muter muter@
31 silly lockFile 625cef27-muter muter@
32 error 404 404 Not Found: muter
32 error 404
32 error 404 'muter' is not in the npm registry.
32 error 404 You should bug the author to publish it
32 error 404 It was specified as a dependency of 'Consult'
32 error 404
32 error 404 Note that you can also install from a
32 error 404 tarball, folder, or http url, or git url.
33 error System Linux 3.16.0-38-generic
34 error command "/usr/bin/node" "/usr/bin/npm" "install" "muter"
35 error cwd /home/koushik/Consult
36 error node -v v0.10.38
37 error npm -v 1.4.28
38 error code E404
39 verbose exit [ 1, true ]
