Consult listening at http://localhost:3000
undefined
Auth Failed
[0mGET / [32m200 [0m20.500 ms - 88007[0m
[0mGET /js/jquery.ba-outside-events.min.js [32m200 [0m1.632 ms - 977[0m
[0mGET /css/style.css [32m200 [0m647.387 ms - 157841[0m
[0mGET /img/content/home-slide-img.jpg [32m200 [0m687.715 ms - 188922[0m
[0mGET /js/gomap.js [32m200 [0m0.981 ms - 10811[0m
[0mGET /js/gmaps.js [32m200 [0m0.820 ms - 73105[0m
[0mGET /js/bootstrap.min.js [32m200 [0m0.908 ms - 31824[0m
[0mGET /js/owl.carousel.js [32m200 [0m1.086 ms - 54308[0m
[0mGET /js/scripts.js [32m200 [0m2.497 ms - 13791[0m
[0mGET /fonts/fontawesome-webfont.woff?v=4.2.0 [32m200 [0m1.766 ms - 65452[0m
[0mGET /img/slider-logo.png [32m200 [0m0.971 ms - 7099[0m
[0mGET /img/content/home-slider-img-two.jpg [32m200 [0m1.647 ms - 28859[0m
[0mGET /img/content/post-img-1.jpg [32m200 [0m1.445 ms - 24068[0m
[0mGET /img/content/post-img-2.jpg [32m200 [0m0.913 ms - 23938[0m
[0mGET /img/content/post-img-3.jpg [32m200 [0m1.131 ms - 19481[0m
[0mGET /img/content/post-img-4.jpg [32m200 [0m2.354 ms - 31192[0m
[0mGET /img/content/post-img-5.jpg [32m200 [0m1.513 ms - 23640[0m
[0mGET /img/content/post-img-6.jpg [32m200 [0m0.847 ms - 23592[0m
[0mGET /img/content/post-img-7.jpg [32m200 [0m1.768 ms - 27824[0m
[0mGET /img/content/post-img-8.jpg [32m200 [0m0.866 ms - 24525[0m
[0mGET /img/content/partner1.png [32m200 [0m0.892 ms - 5120[0m
[0mGET /img/content/partner2.png [32m200 [0m0.931 ms - 5618[0m
[0mGET /img/content/partner3.png [32m200 [0m1.164 ms - 4634[0m
[0mGET /img/content/partner4.png [32m200 [0m0.843 ms - 5070[0m
[0mGET /img/content/partner5.png [32m200 [0m0.856 ms - 5074[0m
[0mGET /img/content/partner6.png [32m200 [0m0.821 ms - 5298[0m
[0mGET /img/footer_logo.png [32m200 [0m0.871 ms - 5508[0m
[0mGET /img/content/latest_post_1.jpg [32m200 [0m0.889 ms - 19631[0m
[0mGET /img/content/latest_post_2.jpg [32m200 [0m1.627 ms - 13933[0m
[0mGET /img/content/feature-bg.jpg [32m200 [0m1.323 ms - 169955[0m
[0mGET /img/content/calssifieds_bg.jpg [32m200 [0m1.095 ms - 124099[0m
[0mGET /img/content/register_bg.jpg [32m200 [0m2.196 ms - 178003[0m
[0mGET /img/content/footer_logo_bg.jpg [32m200 [0m1.803 ms - 25164[0m
[0mGET /favicon.ico [31m500 [0m9.286 ms - 1752[0m
undefined
Auth Failed
[0mGET / [36m304 [0m7.438 ms - -[0m
[0mGET /css/style.css [36m304 [0m1.928 ms - -[0m
[0mGET /img/content/home-slide-img.jpg [36m304 [0m0.625 ms - -[0m
[0mGET /js/jquery.ba-outside-events.min.js [36m304 [0m0.528 ms - -[0m
[0mGET /js/gomap.js [36m304 [0m0.615 ms - -[0m
[0mGET /js/gmaps.js [36m304 [0m0.441 ms - -[0m
[0mGET /js/bootstrap.min.js [36m304 [0m0.747 ms - -[0m
[0mGET /js/owl.carousel.js [36m304 [0m0.712 ms - -[0m
[0mGET /js/scripts.js [36m304 [0m0.624 ms - -[0m
[0mGET /img/slider-logo.png [36m304 [0m0.967 ms - -[0m
[0mGET /img/content/home-slider-img-two.jpg [36m304 [0m0.816 ms - -[0m
[0mGET /img/content/post-img-1.jpg [36m304 [0m0.670 ms - -[0m
[0mGET /img/content/post-img-2.jpg [36m304 [0m0.655 ms - -[0m
[0mGET /fonts/fontawesome-webfont.woff?v=4.2.0 [36m304 [0m1.230 ms - -[0m
[0mGET /img/content/post-img-3.jpg [36m304 [0m0.796 ms - -[0m
[0mGET /img/content/post-img-4.jpg [36m304 [0m0.489 ms - -[0m
[0mGET /img/content/post-img-5.jpg [36m304 [0m0.708 ms - -[0m
[0mGET /img/content/post-img-6.jpg [36m304 [0m0.529 ms - -[0m
[0mGET /img/content/post-img-7.jpg [36m304 [0m0.897 ms - -[0m
[0mGET /img/content/post-img-8.jpg [36m304 [0m0.837 ms - -[0m
[0mGET /img/content/partner1.png [36m304 [0m0.609 ms - -[0m
[0mGET /img/content/partner2.png [36m304 [0m0.623 ms - -[0m
[0mGET /img/content/partner3.png [36m304 [0m1.293 ms - -[0m
[0mGET /img/content/partner4.png [36m304 [0m0.458 ms - -[0m
[0mGET /img/content/partner5.png [36m304 [0m0.614 ms - -[0m
[0mGET /img/content/partner6.png [36m304 [0m0.892 ms - -[0m
[0mGET /img/footer_logo.png [36m304 [0m0.735 ms - -[0m
[0mGET /img/content/latest_post_1.jpg [36m304 [0m1.935 ms - -[0m
[0mGET /img/content/latest_post_2.jpg [36m304 [0m0.614 ms - -[0m
[0mGET /img/content/feature-bg.jpg [36m304 [0m0.759 ms - -[0m
[0mGET /img/content/calssifieds_bg.jpg [36m304 [0m0.585 ms - -[0m
[0mGET /img/content/register_bg.jpg [36m304 [0m1.178 ms - -[0m
[0mGET /img/content/footer_logo_bg.jpg [36m304 [0m0.729 ms - -[0m
[0mGET /favicon.ico [31m500 [0m4.684 ms - 1752[0m
undefined
Auth Failed
[0mGET / [32m200 [0m6.229 ms - 88007[0m
[0mGET /js/jquery.ba-outside-events.min.js [32m200 [0m1.226 ms - 977[0m
[0mGET /css/style.css [32m200 [0m3479.716 ms - 157841[0m
[0mGET /js/gomap.js [32m200 [0m1.200 ms - 10811[0m
[0mGET /js/gmaps.js [32m200 [0m1.753 ms - 73105[0m
[0mGET /js/bootstrap.min.js [32m200 [0m1.174 ms - 31824[0m
[0mGET /img/content/home-slide-img.jpg [32m200 [0m4703.215 ms - 188922[0m
[0mGET /js/owl.carousel.js [32m200 [0m1.315 ms - 54308[0m
[0mGET /js/scripts.js [32m200 [0m1.122 ms - 13791[0m
[0mGET /img/slider-logo.png [32m200 [0m1.250 ms - 7099[0m
[0mGET /img/content/home-slider-img-two.jpg [32m200 [0m1.064 ms - 28859[0m
[0mGET /fonts/fontawesome-webfont.woff?v=4.2.0 [32m200 [0m1573.097 ms - 65452[0m
[0mGET /img/content/post-img-1.jpg [32m200 [0m1.119 ms - 24068[0m
[0mGET /img/content/post-img-2.jpg [32m200 [0m2.327 ms - 23938[0m
[0mGET /img/content/post-img-3.jpg [32m200 [0m1.717 ms - 19481[0m
[0mGET /img/content/post-img-4.jpg [32m200 [0m8.392 ms - 31192[0m
[0mGET /img/content/post-img-5.jpg [32m200 [0m1.213 ms - 23640[0m
[0mGET /img/content/post-img-6.jpg [32m200 [0m3.749 ms - 23592[0m
[0mGET /img/content/post-img-7.jpg [32m200 [0m1.174 ms - 27824[0m
[0mGET /img/content/post-img-8.jpg [32m200 [0m1.361 ms - 24525[0m
[0mGET /img/content/partner1.png [32m200 [0m0.867 ms - 5120[0m
[0mGET /img/content/partner2.png [32m200 [0m1.229 ms - 5618[0m
[0mGET /img/content/partner3.png [32m200 [0m1.129 ms - 4634[0m
[0mGET /img/content/partner4.png [32m200 [0m1.158 ms - 5070[0m
[0mGET /img/content/partner5.png [32m200 [0m0.800 ms - 5074[0m
[0mGET /img/content/partner6.png [32m200 [0m0.874 ms - 5298[0m
[0mGET /img/footer_logo.png [32m200 [0m0.755 ms - 5508[0m
[0mGET /img/content/latest_post_1.jpg [32m200 [0m1.204 ms - 19631[0m
[0mGET /img/content/latest_post_2.jpg [32m200 [0m0.915 ms - 13933[0m
[0mGET /img/content/footer_logo_bg.jpg [32m200 [0m0.913 ms - 25164[0m
[0mGET /img/content/calssifieds_bg.jpg [32m200 [0m1.172 ms - 124099[0m
[0mGET /img/content/register_bg.jpg [32m200 [0m957.811 ms - 178003[0m
[0mGET /img/content/feature-bg.jpg [32m200 [0m1508.879 ms - 169955[0m
[0mGET /favicon.ico [31m500 [0m3.368 ms - 1752[0m
{ first_name: 'Ajay',
  last_name: 'pal',
  email: 'ajaypalnitj@gmail.com',
  password: 'alphabet',
  phone: '' }
[0mPOST /register [32m200 [0m297.478 ms - 87979[0m
[0mGET /css/style.css [36m304 [0m0.840 ms - -[0m
[0mGET /img/content/home-slide-img.jpg [36m304 [0m0.545 ms - -[0m
[0mGET /img/slider-logo.png [36m304 [0m0.648 ms - -[0m
[0mGET /img/content/home-slider-img-two.jpg [36m304 [0m0.787 ms - -[0m
[0mGET /fonts/fontawesome-webfont.woff?v=4.2.0 [36m304 [0m0.637 ms - -[0m
[0mGET /img/content/feature-bg.jpg [36m304 [0m0.632 ms - -[0m
[0mGET /img/content/post-img-1.jpg [36m304 [0m0.870 ms - -[0m
[0mGET /img/content/post-img-2.jpg [36m304 [0m0.763 ms - -[0m
[0mGET /js/jquery.ba-outside-events.min.js [36m304 [0m0.460 ms - -[0m
[0mGET /js/gomap.js [36m304 [0m0.455 ms - -[0m
[0mGET /js/gmaps.js [36m304 [0m0.589 ms - -[0m
[0mGET /js/bootstrap.min.js [36m304 [0m0.561 ms - -[0m
[0mGET /js/owl.carousel.js [36m304 [0m0.593 ms - -[0m
[0mGET /js/scripts.js [36m304 [0m0.597 ms - -[0m
[0mGET /img/content/post-img-3.jpg [36m304 [0m0.702 ms - -[0m
[0mGET /img/content/post-img-4.jpg [36m304 [0m0.603 ms - -[0m
[0mGET /img/content/post-img-5.jpg [36m304 [0m0.647 ms - -[0m
[0mGET /img/content/post-img-6.jpg [36m304 [0m0.590 ms - -[0m
[0mGET /img/content/post-img-7.jpg [36m304 [0m0.783 ms - -[0m
[0mGET /img/content/post-img-8.jpg [36m304 [0m0.633 ms - -[0m
[0mGET /img/content/calssifieds_bg.jpg [36m304 [0m0.470 ms - -[0m
[0mGET /img/content/register_bg.jpg [36m304 [0m0.500 ms - -[0m
[0mGET /img/content/partner1.png [36m304 [0m0.797 ms - -[0m
[0mGET /img/content/partner2.png [36m304 [0m0.491 ms - -[0m
[0mGET /img/content/partner3.png [36m304 [0m0.400 ms - -[0m
[0mGET /img/content/partner4.png [36m304 [0m0.991 ms - -[0m
[0mGET /img/content/partner5.png [36m304 [0m0.653 ms - -[0m
[0mGET /img/content/partner6.png [36m304 [0m0.945 ms - -[0m
[0mGET /img/footer_logo.png [36m304 [0m4.640 ms - -[0m
[0mGET /img/content/footer_logo_bg.jpg [36m304 [0m1.222 ms - -[0m
[0mGET /img/content/latest_post_1.jpg [36m304 [0m1.007 ms - -[0m
[0mGET /img/content/latest_post_2.jpg [36m304 [0m0.915 ms - -[0m
[0mGET /favicon.ico [31m500 [0m3.738 ms - 1752[0m
User Not Found with username ajaypalnitj@gmail.com
[0mPOST /login [36m302 [0m5.426 ms - 58[0m
undefined
Auth Failed
[0mGET / [36m304 [0m3.748 ms - -[0m
[0mGET /css/style.css [36m304 [0m0.613 ms - -[0m
[0mGET /img/content/home-slide-img.jpg [36m304 [0m0.585 ms - -[0m
[0mGET /js/jquery.ba-outside-events.min.js [36m304 [0m0.506 ms - -[0m
[0mGET /js/gomap.js [36m304 [0m1.621 ms - -[0m
[0mGET /js/gmaps.js [36m304 [0m0.580 ms - -[0m
[0mGET /js/bootstrap.min.js [36m304 [0m0.597 ms - -[0m
[0mGET /js/owl.carousel.js [36m304 [0m0.650 ms - -[0m
[0mGET /js/scripts.js [36m304 [0m0.487 ms - -[0m
[0mGET /fonts/fontawesome-webfont.woff?v=4.2.0 [36m304 [0m0.650 ms - -[0m
[0mGET /img/slider-logo.png [36m304 [0m0.682 ms - -[0m
[0mGET /img/content/home-slider-img-two.jpg [36m304 [0m0.457 ms - -[0m
[0mGET /img/content/post-img-1.jpg [36m304 [0m0.707 ms - -[0m
[0mGET /img/content/post-img-2.jpg [36m304 [0m0.611 ms - -[0m
[0mGET /img/content/post-img-3.jpg [36m304 [0m0.589 ms - -[0m
[0mGET /img/content/post-img-4.jpg [36m304 [0m0.632 ms - -[0m
[0mGET /img/content/post-img-5.jpg [36m304 [0m0.603 ms - -[0m
[0mGET /img/content/post-img-6.jpg [36m304 [0m0.483 ms - -[0m
[0mGET /img/content/post-img-7.jpg [36m304 [0m0.521 ms - -[0m
[0mGET /img/content/post-img-8.jpg [36m304 [0m0.607 ms - -[0m
[0mGET /img/content/partner1.png [36m304 [0m0.531 ms - -[0m
[0mGET /img/content/partner2.png [36m304 [0m0.596 ms - -[0m
[0mGET /img/content/partner3.png [36m304 [0m0.600 ms - -[0m
[0mGET /img/content/partner4.png [36m304 [0m0.592 ms - -[0m
[0mGET /img/content/partner5.png [36m304 [0m0.609 ms - -[0m
[0mGET /img/content/partner6.png [36m304 [0m0.637 ms - -[0m
[0mGET /img/footer_logo.png [36m304 [0m0.548 ms - -[0m
[0mGET /img/content/latest_post_1.jpg [36m304 [0m0.513 ms - -[0m
[0mGET /img/content/latest_post_2.jpg [36m304 [0m0.631 ms - -[0m
[0mGET /img/content/feature-bg.jpg [36m304 [0m0.441 ms - -[0m
[0mGET /img/content/calssifieds_bg.jpg [36m304 [0m0.501 ms - -[0m
[0mGET /img/content/register_bg.jpg [36m304 [0m0.598 ms - -[0m
[0mGET /img/content/footer_logo_bg.jpg [36m304 [0m0.618 ms - -[0m
[0mGET /favicon.ico [31m500 [0m2.918 ms - 1752[0m
{ first_name: 'koushik',
  last_name: 'mln',
  email: 'mln02koushik@gmail.com',
  password: 'koushik',
  phone: '8978709714' }
[0mPOST /register [32m200 [0m276.802 ms - 87979[0m
[0mGET /css/style.css [36m304 [0m1.727 ms - -[0m
[0mGET /img/content/home-slide-img.jpg [36m304 [0m0.717 ms - -[0m
[0mGET /img/slider-logo.png [36m304 [0m0.509 ms - -[0m
[0mGET /fonts/fontawesome-webfont.woff?v=4.2.0 [36m304 [0m0.729 ms - -[0m
[0mGET /js/jquery.ba-outside-events.min.js [36m304 [0m0.509 ms - -[0m
[0mGET /js/gomap.js [36m304 [0m0.447 ms - -[0m
[0mGET /js/gmaps.js [36m304 [0m0.460 ms - -[0m
[0mGET /js/bootstrap.min.js [36m304 [0m0.884 ms - -[0m
[0mGET /js/owl.carousel.js [36m304 [0m0.548 ms - -[0m
[0mGET /js/scripts.js [36m304 [0m0.637 ms - -[0m
[0mGET /img/content/home-slider-img-two.jpg [36m304 [0m0.454 ms - -[0m
[0mGET /img/content/post-img-1.jpg [36m304 [0m0.443 ms - -[0m
[0mGET /img/content/post-img-2.jpg [36m304 [0m0.462 ms - -[0m
[0mGET /img/content/feature-bg.jpg [36m304 [0m0.582 ms - -[0m
[0mGET /img/content/post-img-3.jpg [36m304 [0m0.453 ms - -[0m
[0mGET /img/content/post-img-4.jpg [36m304 [0m0.587 ms - -[0m
[0mGET /img/content/post-img-5.jpg [36m304 [0m0.444 ms - -[0m
[0mGET /img/content/post-img-6.jpg [36m304 [0m0.421 ms - -[0m
[0mGET /img/content/post-img-7.jpg [36m304 [0m0.396 ms - -[0m
[0mGET /img/content/post-img-8.jpg [36m304 [0m0.674 ms - -[0m
[0mGET /img/content/calssifieds_bg.jpg [36m304 [0m0.438 ms - -[0m
[0mGET /img/content/partner1.png [36m304 [0m0.658 ms - -[0m
[0mGET /img/content/partner2.png [36m304 [0m0.463 ms - -[0m
[0mGET /img/content/partner3.png [36m304 [0m0.487 ms - -[0m
[0mGET /img/content/partner4.png [36m304 [0m0.440 ms - -[0m
[0mGET /img/content/partner5.png [36m304 [0m0.552 ms - -[0m
[0mGET /img/content/partner6.png [36m304 [0m0.421 ms - -[0m
[0mGET /img/footer_logo.png [36m304 [0m0.602 ms - -[0m
[0mGET /img/content/latest_post_1.jpg [36m304 [0m0.759 ms - -[0m
[0mGET /img/content/latest_post_2.jpg [36m304 [0m0.773 ms - -[0m
[0mGET /img/content/footer_logo_bg.jpg [36m304 [0m0.772 ms - -[0m
[0mGET /img/content/register_bg.jpg [36m304 [0m0.643 ms - -[0m
[0mGET /favicon.ico [31m500 [0m3.656 ms - 1752[0m
serializing user: 
{ first_name: 'koushik',
  last_name: 'mln',
  email: 'mln02koushik@gmail.com',
  password: '$2a$10$JBdUpWDwbVLl.R1OrZp1lOwjDCio.DVgwbf8Pr9z7Womxl6EJx0FC',
  phone: 8978709714,
  _id: 55561a27b039cb160fb484b5,
  __v: 0 }
[0mPOST /login [36m302 [0m263.293 ms - 58[0m
deserializing 55561a27b039cb160fb484b5
55561a27b039cb160fb484b5
Auth{ first_name: 'koushik',
  last_name: 'mln',
  email: 'mln02koushik@gmail.com',
  password: '$2a$10$JBdUpWDwbVLl.R1OrZp1lOwjDCio.DVgwbf8Pr9z7Womxl6EJx0FC',
  phone: 8978709714,
  _id: 55561a27b039cb160fb484b5,
  __v: 0 }
[0mGET / [32m200 [0m8.373 ms - 87408[0m
deserializing 55561a27b039cb160fb484b5
[0mGET /css/style.css [36m304 [0m0.791 ms - -[0m
deserializing 55561a27b039cb160fb484b5
[0mGET /img/content/home-slide-img.jpg [36m304 [0m0.467 ms - -[0m
deserializing 55561a27b039cb160fb484b5
[0mGET /img/slider-logo.png [36m304 [0m1.549 ms - -[0m
deserializing 55561a27b039cb160fb484b5
[0mGET /img/content/home-slider-img-two.jpg [36m304 [0m1.190 ms - -[0m
deserializing 55561a27b039cb160fb484b5
[0mGET /fonts/fontawesome-webfont.woff?v=4.2.0 [36m304 [0m0.523 ms - -[0m
deserializing 55561a27b039cb160fb484b5
[0mGET /img/content/post-img-1.jpg [36m304 [0m0.618 ms - -[0m
deserializing 55561a27b039cb160fb484b5
[0mGET /img/content/post-img-2.jpg [36m304 [0m0.510 ms - -[0m
deserializing 55561a27b039cb160fb484b5
[0mGET /img/content/post-img-3.jpg [36m304 [0m0.619 ms - -[0m
deserializing 55561a27b039cb160fb484b5
[0mGET /js/jquery.ba-outside-events.min.js [36m304 [0m0.657 ms - -[0m
deserializing 55561a27b039cb160fb484b5
[0mGET /js/gomap.js [36m304 [0m1.290 ms - -[0m
deserializing 55561a27b039cb160fb484b5
[0mGET /js/gmaps.js [36m304 [0m0.540 ms - -[0m
deserializing 55561a27b039cb160fb484b5
[0mGET /js/bootstrap.min.js [36m304 [0m0.616 ms - -[0m
deserializing 55561a27b039cb160fb484b5
[0mGET /js/owl.carousel.js [36m304 [0m0.518 ms - -[0m
deserializing 55561a27b039cb160fb484b5
[0mGET /js/scripts.js [36m304 [0m1.630 ms - -[0m
deserializing 55561a27b039cb160fb484b5
[0mGET /img/content/post-img-4.jpg [36m304 [0m0.555 ms - -[0m
deserializing 55561a27b039cb160fb484b5
[0mGET /img/content/post-img-5.jpg [36m304 [0m0.516 ms - -[0m
deserializing 55561a27b039cb160fb484b5
[0mGET /img/content/post-img-6.jpg [36m304 [0m1.199 ms - -[0m
deserializing 55561a27b039cb160fb484b5
[0mGET /img/content/post-img-7.jpg [36m304 [0m0.650 ms - -[0m
deserializing 55561a27b039cb160fb484b5
[0mGET /img/content/feature-bg.jpg [36m304 [0m0.476 ms - -[0m
deserializing 55561a27b039cb160fb484b5
[0mGET /img/content/post-img-8.jpg [36m304 [0m0.540 ms - -[0m
deserializing 55561a27b039cb160fb484b5
[0mGET /img/content/register_bg.jpg [36m304 [0m0.467 ms - -[0m
deserializing 55561a27b039cb160fb484b5
[0mGET /img/content/calssifieds_bg.jpg [36m304 [0m0.540 ms - -[0m
deserializing 55561a27b039cb160fb484b5
[0mGET /img/content/partner1.png [36m304 [0m0.531 ms - -[0m
deserializing 55561a27b039cb160fb484b5
[0mGET /img/content/partner2.png [36m304 [0m1.793 ms - -[0m
deserializing 55561a27b039cb160fb484b5
[0mGET /img/content/partner3.png [36m304 [0m0.640 ms - -[0m
deserializing 55561a27b039cb160fb484b5
[0mGET /img/content/partner4.png [36m304 [0m0.531 ms - -[0m
deserializing 55561a27b039cb160fb484b5
[0mGET /img/content/partner5.png [36m304 [0m0.479 ms - -[0m
deserializing 55561a27b039cb160fb484b5
[0mGET /img/content/partner6.png [36m304 [0m0.515 ms - -[0m
deserializing 55561a27b039cb160fb484b5
[0mGET /img/footer_logo.png [36m304 [0m0.547 ms - -[0m
deserializing 55561a27b039cb160fb484b5
[0mGET /img/content/latest_post_1.jpg [36m304 [0m0.707 ms - -[0m
deserializing 55561a27b039cb160fb484b5
[0mGET /img/content/latest_post_2.jpg [36m304 [0m0.740 ms - -[0m
deserializing 55561a27b039cb160fb484b5
[0mGET /img/content/footer_logo_bg.jpg [36m304 [0m0.540 ms - -[0m
deserializing 55561a27b039cb160fb484b5
[0mGET /favicon.ico [31m500 [0m3.707 ms - 1752[0m
deserializing 55561a27b039cb160fb484b5
[0mGET /logout [36m302 [0m1.063 ms - 58[0m
undefined
Auth Failed
[0mGET / [32m200 [0m4.095 ms - 88007[0m
[0mGET /css/style.css [36m304 [0m0.729 ms - -[0m
[0mGET /img/content/home-slide-img.jpg [36m304 [0m0.500 ms - -[0m
[0mGET /img/slider-logo.png [36m304 [0m0.664 ms - -[0m
[0mGET /img/content/home-slider-img-two.jpg [36m304 [0m0.529 ms - -[0m
[0mGET /fonts/fontawesome-webfont.woff?v=4.2.0 [36m304 [0m1.447 ms - -[0m
[0mGET /img/content/post-img-1.jpg [36m304 [0m0.700 ms - -[0m
[0mGET /img/content/post-img-2.jpg [36m304 [0m0.505 ms - -[0m
[0mGET /img/content/post-img-3.jpg [36m304 [0m0.790 ms - -[0m
[0mGET /js/jquery.ba-outside-events.min.js [36m304 [0m0.556 ms - -[0m
[0mGET /js/gomap.js [36m304 [0m0.485 ms - -[0m
[0mGET /js/gmaps.js [36m304 [0m0.515 ms - -[0m
[0mGET /js/bootstrap.min.js [36m304 [0m0.571 ms - -[0m
[0mGET /js/owl.carousel.js [36m304 [0m0.467 ms - -[0m
[0mGET /js/scripts.js [36m304 [0m0.537 ms - -[0m
[0mGET /img/content/post-img-4.jpg [36m304 [0m0.469 ms - -[0m
[0mGET /img/content/post-img-5.jpg [36m304 [0m0.555 ms - -[0m
[0mGET /img/content/post-img-6.jpg [36m304 [0m0.816 ms - -[0m
[0mGET /img/content/feature-bg.jpg [36m304 [0m1.428 ms - -[0m
[0mGET /img/content/post-img-7.jpg [36m304 [0m0.496 ms - -[0m
[0mGET /img/content/post-img-8.jpg [36m304 [0m0.532 ms - -[0m
[0mGET /img/content/calssifieds_bg.jpg [36m304 [0m0.745 ms - -[0m
[0mGET /img/content/partner1.png [36m304 [0m0.536 ms - -[0m
[0mGET /img/content/partner2.png [36m304 [0m0.522 ms - -[0m
[0mGET /img/content/partner3.png [36m304 [0m0.736 ms - -[0m
[0mGET /img/content/partner4.png [36m304 [0m1.405 ms - -[0m
[0mGET /img/content/partner5.png [36m304 [0m1.265 ms - -[0m
[0mGET /img/content/partner6.png [36m304 [0m0.579 ms - -[0m
[0mGET /img/footer_logo.png [36m304 [0m0.668 ms - -[0m
[0mGET /img/content/latest_post_1.jpg [36m304 [0m0.620 ms - -[0m
[0mGET /img/content/latest_post_2.jpg [36m304 [0m0.656 ms - -[0m
[0mGET /img/content/footer_logo_bg.jpg [36m304 [0m0.492 ms - -[0m
[0mGET /img/content/register_bg.jpg [36m304 [0m0.545 ms - -[0m
[0mGET /favicon.ico [31m500 [0m2.840 ms - 1752[0m
[0mGET /css/grabbing.png [31m500 [0m2.868 ms - 1752[0m
serializing user: 
{ first_name: 'koushik',
  last_name: 'mln',
  email: 'mln02koushik@gmail.com',
  password: '$2a$10$JBdUpWDwbVLl.R1OrZp1lOwjDCio.DVgwbf8Pr9z7Womxl6EJx0FC',
  phone: 8978709714,
  _id: 55561a27b039cb160fb484b5,
  __v: 0 }
[0mPOST /login [36m302 [0m263.601 ms - 58[0m
deserializing 55561a27b039cb160fb484b5
55561a27b039cb160fb484b5
Auth{ first_name: 'koushik',
  last_name: 'mln',
  email: 'mln02koushik@gmail.com',
  password: '$2a$10$JBdUpWDwbVLl.R1OrZp1lOwjDCio.DVgwbf8Pr9z7Womxl6EJx0FC',
  phone: 8978709714,
  _id: 55561a27b039cb160fb484b5,
  __v: 0 }
[0mGET / [32m200 [0m10.707 ms - 87408[0m
deserializing 55561a27b039cb160fb484b5
[0mGET /css/style.css [36m304 [0m0.646 ms - -[0m
deserializing 55561a27b039cb160fb484b5
[0mGET /img/content/home-slide-img.jpg [36m304 [0m0.608 ms - -[0m
deserializing 55561a27b039cb160fb484b5
[0mGET /img/slider-logo.png [36m304 [0m0.596 ms - -[0m
deserializing 55561a27b039cb160fb484b5
[0mGET /fonts/fontawesome-webfont.woff?v=4.2.0 [36m304 [0m0.642 ms - -[0m
deserializing 55561a27b039cb160fb484b5
[0mGET /js/jquery.ba-outside-events.min.js [36m304 [0m2.258 ms - -[0m
deserializing 55561a27b039cb160fb484b5
[0mGET /js/gomap.js [36m304 [0m0.671 ms - -[0m
deserializing 55561a27b039cb160fb484b5
[0mGET /js/gmaps.js [36m304 [0m0.622 ms - -[0m
deserializing 55561a27b039cb160fb484b5
[0mGET /js/bootstrap.min.js [36m304 [0m0.608 ms - -[0m
deserializing 55561a27b039cb160fb484b5
[0mGET /js/owl.carousel.js [36m304 [0m0.642 ms - -[0m
deserializing 55561a27b039cb160fb484b5
[0mGET /js/scripts.js [36m304 [0m1.018 ms - -[0m
deserializing 55561a27b039cb160fb484b5
[0mGET /img/content/home-slider-img-two.jpg [36m304 [0m0.668 ms - -[0m
deserializing 55561a27b039cb160fb484b5
[0mGET /img/content/post-img-1.jpg [36m304 [0m0.674 ms - -[0m
deserializing 55561a27b039cb160fb484b5
[0mGET /img/content/post-img-2.jpg [36m304 [0m0.630 ms - -[0m
deserializing 55561a27b039cb160fb484b5
[0mGET /img/content/feature-bg.jpg [36m304 [0m0.556 ms - -[0m
deserializing 55561a27b039cb160fb484b5
[0mGET /img/content/post-img-3.jpg [36m304 [0m0.627 ms - -[0m
deserializing 55561a27b039cb160fb484b5
[0mGET /img/content/post-img-4.jpg [36m304 [0m0.550 ms - -[0m
deserializing 55561a27b039cb160fb484b5
[0mGET /img/content/post-img-5.jpg [36m304 [0m0.545 ms - -[0m
deserializing 55561a27b039cb160fb484b5
[0mGET /img/content/post-img-6.jpg [36m304 [0m0.564 ms - -[0m
deserializing 55561a27b039cb160fb484b5
[0mGET /img/content/post-img-7.jpg [36m304 [0m0.561 ms - -[0m
deserializing 55561a27b039cb160fb484b5
[0mGET /img/content/post-img-8.jpg [36m304 [0m0.462 ms - -[0m
deserializing 55561a27b039cb160fb484b5
[0mGET /img/content/calssifieds_bg.jpg [36m304 [0m0.575 ms - -[0m
deserializing 55561a27b039cb160fb484b5
[0mGET /img/content/partner1.png [36m304 [0m0.564 ms - -[0m
deserializing 55561a27b039cb160fb484b5
[0mGET /img/content/partner2.png [36m304 [0m0.554 ms - -[0m
deserializing 55561a27b039cb160fb484b5
[0mGET /img/content/partner3.png [36m304 [0m0.810 ms - -[0m
deserializing 55561a27b039cb160fb484b5
[0mGET /img/content/partner4.png [36m304 [0m1.192 ms - -[0m
deserializing 55561a27b039cb160fb484b5
[0mGET /img/content/partner5.png [36m304 [0m0.518 ms - -[0m
deserializing 55561a27b039cb160fb484b5
[0mGET /img/content/partner6.png [36m304 [0m0.544 ms - -[0m
deserializing 55561a27b039cb160fb484b5
[0mGET /img/footer_logo.png [36m304 [0m0.512 ms - -[0m
deserializing 55561a27b039cb160fb484b5
[0mGET /img/content/footer_logo_bg.jpg [36m304 [0m0.472 ms - -[0m
deserializing 55561a27b039cb160fb484b5
[0mGET /img/content/register_bg.jpg [36m304 [0m0.495 ms - -[0m
deserializing 55561a27b039cb160fb484b5
[0mGET /img/content/latest_post_1.jpg [36m304 [0m0.609 ms - -[0m
deserializing 55561a27b039cb160fb484b5
[0mGET /img/content/latest_post_2.jpg [36m304 [0m0.493 ms - -[0m
deserializing 55561a27b039cb160fb484b5
[0mGET /favicon.ico [31m500 [0m7.548 ms - 1752[0m
deserializing 55561a27b039cb160fb484b5
55561a27b039cb160fb484b5
Auth{ first_name: 'koushik',
  last_name: 'mln',
  email: 'mln02koushik@gmail.com',
  password: '$2a$10$JBdUpWDwbVLl.R1OrZp1lOwjDCio.DVgwbf8Pr9z7Womxl6EJx0FC',
  phone: 8978709714,
  _id: 55561a27b039cb160fb484b5,
  __v: 0 }
[0mGET /? [32m200 [0m4.729 ms - 87408[0m
deserializing 55561a27b039cb160fb484b5
[0mGET /img/content/home-slide-img.jpg [36m304 [0m0.689 ms - -[0m
deserializing 55561a27b039cb160fb484b5
[0mGET /css/style.css [36m304 [0m0.465 ms - -[0m
deserializing 55561a27b039cb160fb484b5
[0mGET /img/slider-logo.png [36m304 [0m0.645 ms - -[0m
deserializing 55561a27b039cb160fb484b5
[0mGET /img/content/home-slider-img-two.jpg [36m304 [0m0.539 ms - -[0m
deserializing 55561a27b039cb160fb484b5
[0mGET /fonts/fontawesome-webfont.woff?v=4.2.0 [36m304 [0m0.548 ms - -[0m
deserializing 55561a27b039cb160fb484b5
[0mGET /img/content/post-img-1.jpg [36m304 [0m0.636 ms - -[0m
deserializing 55561a27b039cb160fb484b5
[0mGET /img/content/feature-bg.jpg [36m304 [0m0.474 ms - -[0m
deserializing 55561a27b039cb160fb484b5
[0mGET /img/content/post-img-2.jpg [36m304 [0m0.578 ms - -[0m
deserializing 55561a27b039cb160fb484b5
[0mGET /js/jquery.ba-outside-events.min.js [36m304 [0m0.538 ms - -[0m
deserializing 55561a27b039cb160fb484b5
[0mGET /js/gomap.js [36m304 [0m0.654 ms - -[0m
deserializing 55561a27b039cb160fb484b5
[0mGET /js/gmaps.js [36m304 [0m0.684 ms - -[0m
deserializing 55561a27b039cb160fb484b5
[0mGET /js/bootstrap.min.js [36m304 [0m0.620 ms - -[0m
deserializing 55561a27b039cb160fb484b5
[0mGET /js/owl.carousel.js [36m304 [0m0.505 ms - -[0m
deserializing 55561a27b039cb160fb484b5
[0mGET /js/scripts.js [36m304 [0m0.542 ms - -[0m
deserializing 55561a27b039cb160fb484b5
[0mGET /img/content/post-img-3.jpg [36m304 [0m0.581 ms - -[0m
deserializing 55561a27b039cb160fb484b5
[0mGET /img/content/post-img-4.jpg [36m304 [0m0.528 ms - -[0m
deserializing 55561a27b039cb160fb484b5
[0mGET /img/content/post-img-5.jpg [36m304 [0m0.554 ms - -[0m
deserializing 55561a27b039cb160fb484b5
[0mGET /img/content/post-img-6.jpg [36m304 [0m0.609 ms - -[0m
deserializing 55561a27b039cb160fb484b5
[0mGET /img/content/post-img-7.jpg [36m304 [0m0.595 ms - -[0m
deserializing 55561a27b039cb160fb484b5
[0mGET /img/content/post-img-8.jpg [36m304 [0m0.554 ms - -[0m
deserializing 55561a27b039cb160fb484b5
[0mGET /img/content/calssifieds_bg.jpg [36m304 [0m0.467 ms - -[0m
deserializing 55561a27b039cb160fb484b5
[0mGET /img/content/register_bg.jpg [36m304 [0m0.621 ms - -[0m
deserializing 55561a27b039cb160fb484b5
[0mGET /img/content/partner1.png [36m304 [0m0.571 ms - -[0m
deserializing 55561a27b039cb160fb484b5
[0mGET /img/content/partner2.png [36m304 [0m0.586 ms - -[0m
deserializing 55561a27b039cb160fb484b5
[0mGET /img/content/partner3.png [36m304 [0m0.556 ms - -[0m
deserializing 55561a27b039cb160fb484b5
[0mGET /img/content/partner4.png [36m304 [0m0.616 ms - -[0m
deserializing 55561a27b039cb160fb484b5
[0mGET /img/content/partner5.png [36m304 [0m0.525 ms - -[0m
deserializing 55561a27b039cb160fb484b5
[0mGET /img/content/partner6.png [36m304 [0m0.544 ms - -[0m
deserializing 55561a27b039cb160fb484b5
[0mGET /img/footer_logo.png [36m304 [0m0.546 ms - -[0m
deserializing 55561a27b039cb160fb484b5
[0mGET /img/content/latest_post_1.jpg [36m304 [0m0.640 ms - -[0m
deserializing 55561a27b039cb160fb484b5
[0mGET /img/content/latest_post_2.jpg [36m304 [0m0.504 ms - -[0m
deserializing 55561a27b039cb160fb484b5
[0mGET /img/content/footer_logo_bg.jpg [36m304 [0m0.515 ms - -[0m
deserializing 55561a27b039cb160fb484b5
[0mGET /favicon.ico [31m500 [0m3.073 ms - 1752[0m
